<?xml version="1.0" encoding="UTF-8"?>
<!-- Generated by org.testng.reporters.JUnitXMLReporter -->
<testsuite ignored="0" hostname="DESKTOP-EP300T1" failures="0" tests="4" name="EdgeTest" time="487.635" errors="0" timestamp="2023-12-29T14:33:54 IST">
  <testcase classname="testcase.TC002_SignUp" name="signUpTest" time="141.108"/>
  <testcase classname="testcase.TC010_LogOut" name="logoutTest" time="30.615"/>
  <testcase classname="testcase.TC012_LogInwithInvalidDetails" name="invlaidLoginTest" time="8.775"/>
  <testcase classname="testcase.TC013_SignupWithInvalidDetails" name="invalid_signup" time="38.773"/>
</testsuite> <!-- EdgeTest -->
